0 info it worked if it ends with ok
1 verbose cli [ '/usr/bin/nodejs', '/usr/bin/npm', 'install' ]
2 info using npm@2.15.9
3 info using node@v4.6.0
4 verbose readDependencies loading dependencies from /home/joi/Public/gits/geckotracker/package.json
5 verbose install where, deps [ '/home/joi/Public/gits/geckotracker',
5 verbose install   [ 'angular',
5 verbose install     'angular-animate',
5 verbose install     'angular-modal-service',
5 verbose install     'angular-route',
5 verbose install     'angular-toastr',
5 verbose install     'body-parser',
5 verbose install     'chai',
5 verbose install     'exif',
5 verbose install     'express',
5 verbose install     'moment',
5 verbose install     'mongoose',
5 verbose install     'multer',
5 verbose install     'ng-dialog',
5 verbose install     'ng-file-upload',
5 verbose install     'ng-flow',
5 verbose install     'npm-watch' ] ]
6 verbose install where, peers [ '/home/joi/Public/gits/geckotracker', [] ]
7 verbose installManyTop reading for lifecycle /home/joi/Public/gits/geckotracker/package.json
8 info preinstall gecko-tracker@0.0.1
9 verbose installManyTop reading scoped package data from /home/joi/Public/gits/geckotracker/node_modules/angular/package.json
10 verbose installManyTop reading scoped package data from /home/joi/Public/gits/geckotracker/node_modules/angular-animate/package.json
11 verbose installManyTop reading scoped package data from /home/joi/Public/gits/geckotracker/node_modules/angular-modal-service/package.json
12 verbose installManyTop reading scoped package data from /home/joi/Public/gits/geckotracker/node_modules/angular-route/package.json
13 verbose installManyTop reading scoped package data from /home/joi/Public/gits/geckotracker/node_modules/angular-toastr/package.json
14 verbose installManyTop reading scoped package data from /home/joi/Public/gits/geckotracker/node_modules/async/package.json
15 verbose installManyTop reading scoped package data from /home/joi/Public/gits/geckotracker/node_modules/body-parser/package.json
16 verbose installManyTop reading scoped package data from /home/joi/Public/gits/geckotracker/node_modules/chai/package.json
17 verbose installManyTop reading scoped package data from /home/joi/Public/gits/geckotracker/node_modules/exif/package.json
18 verbose installManyTop reading scoped package data from /home/joi/Public/gits/geckotracker/node_modules/express/package.json
19 verbose installManyTop reading scoped package data from /home/joi/Public/gits/geckotracker/node_modules/jslint/package.json
20 verbose installManyTop reading scoped package data from /home/joi/Public/gits/geckotracker/node_modules/material-design-icons/package.json
21 verbose installManyTop reading scoped package data from /home/joi/Public/gits/geckotracker/node_modules/moment/package.json
22 verbose installManyTop reading scoped package data from /home/joi/Public/gits/geckotracker/node_modules/mongoose/package.json
23 verbose installManyTop reading scoped package data from /home/joi/Public/gits/geckotracker/node_modules/ng-dialog/package.json
24 verbose installManyTop reading scoped package data from /home/joi/Public/gits/geckotracker/node_modules/npm-watch/package.json
25 verbose installManyTop reading scoped package data from /home/joi/Public/gits/geckotracker/node_modules/toastr/package.json
26 info package.json exif@0.6.0 No license field.
27 info package.json jslint@0.10.1 No license field.
28 info package.json toastr@2.1.2 No license field.
29 verbose readDependencies loading dependencies from /home/joi/Public/gits/geckotracker/package.json
30 verbose targetResolver reading package data from /home/joi/Public/gits/geckotracker/node_modules/angular/package.json
31 verbose targetResolver reading package data from /home/joi/Public/gits/geckotracker/node_modules/angular-animate/package.json
32 verbose targetResolver reading package data from /home/joi/Public/gits/geckotracker/node_modules/angular-modal-service/package.json
33 verbose targetResolver reading package data from /home/joi/Public/gits/geckotracker/node_modules/angular-route/package.json
34 verbose targetResolver reading package data from /home/joi/Public/gits/geckotracker/node_modules/angular-toastr/package.json
35 verbose targetResolver reading package data from /home/joi/Public/gits/geckotracker/node_modules/async/package.json
36 verbose targetResolver reading package data from /home/joi/Public/gits/geckotracker/node_modules/body-parser/package.json
37 verbose targetResolver reading package data from /home/joi/Public/gits/geckotracker/node_modules/chai/package.json
38 verbose targetResolver reading package data from /home/joi/Public/gits/geckotracker/node_modules/exif/package.json
39 verbose targetResolver reading package data from /home/joi/Public/gits/geckotracker/node_modules/express/package.json
40 verbose targetResolver reading package data from /home/joi/Public/gits/geckotracker/node_modules/jslint/package.json
41 verbose targetResolver reading package data from /home/joi/Public/gits/geckotracker/node_modules/material-design-icons/package.json
42 verbose targetResolver reading package data from /home/joi/Public/gits/geckotracker/node_modules/moment/package.json
43 verbose targetResolver reading package data from /home/joi/Public/gits/geckotracker/node_modules/mongoose/package.json
44 verbose targetResolver reading package data from /home/joi/Public/gits/geckotracker/node_modules/ng-dialog/package.json
45 verbose targetResolver reading package data from /home/joi/Public/gits/geckotracker/node_modules/npm-watch/package.json
46 verbose targetResolver reading package data from /home/joi/Public/gits/geckotracker/node_modules/toastr/package.json
47 verbose targetResolver reading package data from /home/joi/Public/gits/geckotracker/node_modules/.bin/jslint/package.json
48 verbose targetResolver reading package data from /home/joi/Public/gits/geckotracker/node_modules/.bin/npm-watch/package.json
49 verbose already installed skipping npm-watch@>=0.0 /home/joi/Public/gits/geckotracker
50 verbose already installed skipping angular@^1.5.7 /home/joi/Public/gits/geckotracker
51 verbose already installed skipping angular-animate@^1.5.7 /home/joi/Public/gits/geckotracker
52 verbose already installed skipping angular-modal-service@^0.10.1 /home/joi/Public/gits/geckotracker
53 verbose already installed skipping angular-route@^1.5.7 /home/joi/Public/gits/geckotracker
54 silly cache add args [ 'angular-toastr@github:node_modules/angular-toastr', null ]
55 verbose cache add spec angular-toastr@github:node_modules/angular-toastr
56 verbose already installed skipping body-parser@^1.15.1 /home/joi/Public/gits/geckotracker
57 silly cache add parsed spec Result {
57 silly cache add   raw: 'angular-toastr@github:node_modules/angular-toastr',
57 silly cache add   scope: null,
57 silly cache add   name: 'angular-toastr',
57 silly cache add   rawSpec: 'github:node_modules/angular-toastr',
57 silly cache add   spec: 'github:node_modules/angular-toastr',
57 silly cache add   type: 'hosted',
57 silly cache add   hosted:
57 silly cache add    { type: 'github',
57 silly cache add      ssh: 'git@github.com:node_modules/angular-toastr.git',
57 silly cache add      sshUrl: 'git+ssh://git@github.com/node_modules/angular-toastr.git',
57 silly cache add      httpsUrl: 'git+https://github.com/node_modules/angular-toastr.git',
57 silly cache add      gitUrl: 'git://github.com/node_modules/angular-toastr.git',
57 silly cache add      shortcut: 'github:node_modules/angular-toastr',
57 silly cache add      directUrl: 'https://raw.githubusercontent.com/node_modules/angular-toastr/master/package.json' } }
58 verbose addRemoteGit caching github:node_modules/angular-toastr
59 verbose addRemoteGit node_modules/angular-toastr is a repository hosted by github
60 silly tryGitProto attempting to clone git://github.com/node_modules/angular-toastr.git
61 silly tryClone cloning node_modules/angular-toastr via git://github.com/node_modules/angular-toastr.git
62 verbose tryClone git-github-com-node-modules-angular-toastr-git-e8693cdc not in flight; caching
63 verbose correctMkdir /home/joi/.npm/_git-remotes correctMkdir not in flight; initializing
64 verbose already installed skipping chai@>=3.5 /home/joi/Public/gits/geckotracker
65 verbose already installed skipping exif@^0.6.0 /home/joi/Public/gits/geckotracker
66 verbose already installed skipping express@>1.0 /home/joi/Public/gits/geckotracker
67 verbose already installed skipping moment@^2.14.1 /home/joi/Public/gits/geckotracker
68 verbose already installed skipping mongoose@^4.5.0 /home/joi/Public/gits/geckotracker
69 silly cache add args [ 'multer@^1.2.0', null ]
70 verbose cache add spec multer@^1.2.0
71 silly cache add parsed spec Result {
71 silly cache add   raw: 'multer@^1.2.0',
71 silly cache add   scope: null,
71 silly cache add   name: 'multer',
71 silly cache add   rawSpec: '^1.2.0',
71 silly cache add   spec: '>=1.2.0 <2.0.0',
71 silly cache add   type: 'range' }
72 silly addNamed multer@>=1.2.0 <2.0.0
73 verbose addNamed ">=1.2.0 <2.0.0" is a valid semver range for multer
74 silly addNameRange { name: 'multer', range: '>=1.2.0 <2.0.0', hasData: false }
75 silly mapToRegistry name multer
76 silly mapToRegistry using default registry
77 silly mapToRegistry registry https://registry.npmjs.org/
78 silly mapToRegistry data Result {
78 silly mapToRegistry   raw: 'multer',
78 silly mapToRegistry   scope: null,
78 silly mapToRegistry   name: 'multer',
78 silly mapToRegistry   rawSpec: '',
78 silly mapToRegistry   spec: 'latest',
78 silly mapToRegistry   type: 'tag' }
79 silly mapToRegistry uri https://registry.npmjs.org/multer
80 verbose addNameRange registry:https://registry.npmjs.org/multer not in flight; fetching
81 verbose already installed skipping ng-dialog@^0.6.2 /home/joi/Public/gits/geckotracker
82 silly cache add args [ 'ng-file-upload@^12.0.4', null ]
83 verbose cache add spec ng-file-upload@^12.0.4
84 silly cache add parsed spec Result {
84 silly cache add   raw: 'ng-file-upload@^12.0.4',
84 silly cache add   scope: null,
84 silly cache add   name: 'ng-file-upload',
84 silly cache add   rawSpec: '^12.0.4',
84 silly cache add   spec: '>=12.0.4 <13.0.0',
84 silly cache add   type: 'range' }
85 silly addNamed ng-file-upload@>=12.0.4 <13.0.0
86 verbose addNamed ">=12.0.4 <13.0.0" is a valid semver range for ng-file-upload
87 silly addNameRange { name: 'ng-file-upload',
87 silly addNameRange   range: '>=12.0.4 <13.0.0',
87 silly addNameRange   hasData: false }
88 silly mapToRegistry name ng-file-upload
89 silly mapToRegistry using default registry
90 silly mapToRegistry registry https://registry.npmjs.org/
91 silly mapToRegistry data Result {
91 silly mapToRegistry   raw: 'ng-file-upload',
91 silly mapToRegistry   scope: null,
91 silly mapToRegistry   name: 'ng-file-upload',
91 silly mapToRegistry   rawSpec: '',
91 silly mapToRegistry   spec: 'latest',
91 silly mapToRegistry   type: 'tag' }
92 silly mapToRegistry uri https://registry.npmjs.org/ng-file-upload
93 verbose addNameRange registry:https://registry.npmjs.org/ng-file-upload not in flight; fetching
94 silly cache add args [ 'ng-flow@^2.1.4', null ]
95 verbose cache add spec ng-flow@^2.1.4
96 silly cache add parsed spec Result {
96 silly cache add   raw: 'ng-flow@^2.1.4',
96 silly cache add   scope: null,
96 silly cache add   name: 'ng-flow',
96 silly cache add   rawSpec: '^2.1.4',
96 silly cache add   spec: '>=2.1.4 <3.0.0',
96 silly cache add   type: 'range' }
97 silly addNamed ng-flow@>=2.1.4 <3.0.0
98 verbose addNamed ">=2.1.4 <3.0.0" is a valid semver range for ng-flow
99 silly addNameRange { name: 'ng-flow', range: '>=2.1.4 <3.0.0', hasData: false }
100 silly mapToRegistry name ng-flow
101 silly mapToRegistry using default registry
102 silly mapToRegistry registry https://registry.npmjs.org/
103 silly mapToRegistry data Result {
103 silly mapToRegistry   raw: 'ng-flow',
103 silly mapToRegistry   scope: null,
103 silly mapToRegistry   name: 'ng-flow',
103 silly mapToRegistry   rawSpec: '',
103 silly mapToRegistry   spec: 'latest',
103 silly mapToRegistry   type: 'tag' }
104 silly mapToRegistry uri https://registry.npmjs.org/ng-flow
105 verbose addNameRange registry:https://registry.npmjs.org/ng-flow not in flight; fetching
106 info git [ 'clone',
106 info git   '--template=/home/joi/.npm/_git-remotes/_templates',
106 info git   '--mirror',
106 info git   'git://github.com/node_modules/angular-toastr.git',
106 info git   '/home/joi/.npm/_git-remotes/git-github-com-node-modules-angular-toastr-git-e8693cdc' ]
107 verbose request uri https://registry.npmjs.org/multer
108 verbose request no auth needed
109 info attempt registry request try #1 at 9:27:48 AM
110 verbose request id 29d8f52b85c8109c
111 verbose etag "4AQH88GWFDOJTTDKONJU22OX4"
112 http request GET https://registry.npmjs.org/multer
113 verbose request uri https://registry.npmjs.org/ng-flow
114 verbose request no auth needed
115 info attempt registry request try #1 at 9:27:48 AM
116 verbose etag "AZL5B2SOAT35FRNMW2OLO1PWD"
117 http request GET https://registry.npmjs.org/ng-flow
118 verbose request uri https://registry.npmjs.org/ng-file-upload
119 verbose request no auth needed
120 info attempt registry request try #1 at 9:27:48 AM
121 verbose etag "DY3099EC6SD2RE89ZJ1ON4DNQ"
122 http request GET https://registry.npmjs.org/ng-file-upload
123 http 304 https://registry.npmjs.org/ng-file-upload
124 verbose headers { date: 'Tue, 04 Oct 2016 14:27:47 GMT',
124 verbose headers   via: '1.1 varnish',
124 verbose headers   'cache-control': 'max-age=300',
124 verbose headers   etag: '"DY3099EC6SD2RE89ZJ1ON4DNQ"',
124 verbose headers   age: '0',
124 verbose headers   connection: 'keep-alive',
124 verbose headers   'x-served-by': 'cache-dfw1824-DFW',
124 verbose headers   'x-cache': 'HIT',
124 verbose headers   'x-cache-hits': '1',
124 verbose headers   'x-timer': 'S1475591267.979405,VS0,VE281',
124 verbose headers   vary: 'Accept-Encoding' }
125 silly get cb [ 304,
125 silly get   { date: 'Tue, 04 Oct 2016 14:27:47 GMT',
125 silly get     via: '1.1 varnish',
125 silly get     'cache-control': 'max-age=300',
125 silly get     etag: '"DY3099EC6SD2RE89ZJ1ON4DNQ"',
125 silly get     age: '0',
125 silly get     connection: 'keep-alive',
125 silly get     'x-served-by': 'cache-dfw1824-DFW',
125 silly get     'x-cache': 'HIT',
125 silly get     'x-cache-hits': '1',
125 silly get     'x-timer': 'S1475591267.979405,VS0,VE281',
125 silly get     vary: 'Accept-Encoding' } ]
126 verbose etag https://registry.npmjs.org/ng-file-upload from cache
127 verbose get saving ng-file-upload to /home/joi/.npm/registry.npmjs.org/ng-file-upload/.cache.json
128 verbose correctMkdir /home/joi/.npm correctMkdir not in flight; initializing
129 silly addNameRange number 2 { name: 'ng-file-upload',
129 silly addNameRange   range: '>=12.0.4 <13.0.0',
129 silly addNameRange   hasData: true }
130 silly addNameRange versions [ 'ng-file-upload',
130 silly addNameRange   [ '2.2.2',
130 silly addNameRange     '3.0.1',
130 silly addNameRange     '3.0.2',
130 silly addNameRange     '3.0.3',
130 silly addNameRange     '3.0.4',
130 silly addNameRange     '3.0.5',
130 silly addNameRange     '3.0.6',
130 silly addNameRange     '3.0.7',
130 silly addNameRange     '3.1.0',
130 silly addNameRange     '3.1.1',
130 silly addNameRange     '3.1.2',
130 silly addNameRange     '3.2.0',
130 silly addNameRange     '3.2.1',
130 silly addNameRange     '3.2.2',
130 silly addNameRange     '3.2.3',
130 silly addNameRange     '3.2.4',
130 silly addNameRange     '3.2.5',
130 silly addNameRange     '3.3.0',
130 silly addNameRange     '3.3.1',
130 silly addNameRange     '3.3.2',
130 silly addNameRange     '3.3.3',
130 silly addNameRange     '3.3.4',
130 silly addNameRange     '4.0.0',
130 silly addNameRange     '4.0.1',
130 silly addNameRange     '4.0.2',
130 silly addNameRange     '4.0.3',
130 silly addNameRange     '4.0.4',
130 silly addNameRange     '4.1.0',
130 silly addNameRange     '4.1.1',
130 silly addNameRange     '4.1.2',
130 silly addNameRange     '4.1.3',
130 silly addNameRange     '4.1.4',
130 silly addNameRange     '4.2.0',
130 silly addNameRange     '4.2.1',
130 silly addNameRange     '4.2.2',
130 silly addNameRange     '4.2.3',
130 silly addNameRange     '4.2.4',
130 silly addNameRange     '5.0.0',
130 silly addNameRange     '5.0.1',
130 silly addNameRange     '5.0.2',
130 silly addNameRange     '5.0.3',
130 silly addNameRange     '5.0.4',
130 silly addNameRange     '5.0.5',
130 silly addNameRange     '5.0.6',
130 silly addNameRange     '5.0.7',
130 silly addNameRange     '5.0.8',
130 silly addNameRange     '5.0.9',
130 silly addNameRange     '5.1.0',
130 silly addNameRange     '5.2.0',
130 silly addNameRange     '6.0.0',
130 silly addNameRange     '6.0.1',
130 silly addNameRange     '6.0.2',
130 silly addNameRange     '6.0.3',
130 silly addNameRange     '6.0.4',
130 silly addNameRange     '6.1.0',
130 silly addNameRange     '6.1.1',
130 silly addNameRange     '6.1.2',
130 silly addNameRange     '6.2.0',
130 silly addNameRange     '6.2.1',
130 silly addNameRange     '7.0.0',
130 silly addNameRange     '7.0.1',
130 silly addNameRange     '7.0.2',
130 silly addNameRange     '7.0.3',
130 silly addNameRange     '7.0.4',
130 silly addNameRange     '7.0.5',
130 silly addNameRange     '7.0.6',
130 silly addNameRange     '7.0.7',
130 silly addNameRange     '7.0.8',
130 silly addNameRange     '7.0.9',
130 silly addNameRange     '7.0.10',
130 silly addNameRange     '7.0.11',
130 silly addNameRange     '7.0.12',
130 silly addNameRange     '7.0.13',
130 silly addNameRange     '7.0.14',
130 silly addNameRange     '7.0.15',
130 silly addNameRange     '7.0.16',
130 silly addNameRange     '7.0.17',
130 silly addNameRange     '7.1.0',
130 silly addNameRange     '7.2.0',
130 silly addNameRange     '7.2.1',
130 silly addNameRange     '7.2.2',
130 silly addNameRange     '7.3.0',
130 silly addNameRange     '7.3.1',
130 silly addNameRange     '7.3.2',
130 silly addNameRange     '7.3.3',
130 silly addNameRange     '7.3.4',
130 silly addNameRange     '7.3.5',
130 silly addNameRange     '7.3.6',
130 silly addNameRange     '7.3.7',
130 silly addNameRange     '7.3.8',
130 silly addNameRange     '7.3.9',
130 silly addNameRange     '8.0.0',
130 silly addNameRange     '8.0.1',
130 silly addNameRange     '8.0.2',
130 silly addNameRange     '8.0.3',
130 silly addNameRange     '8.0.4',
130 silly addNameRange     '8.0.5',
130 silly addNameRange     '8.0.6',
130 silly addNameRange     '9.0.0',
130 silly addNameRange     '9.0.1',
130 silly addNameRange     '9.0.2',
130 silly addNameRange     '9.0.3',
130 silly addNameRange     '9.0.4',
130 silly addNameRange     '9.0.5',
130 silly addNameRange     '9.0.6',
130 silly addNameRange     '9.0.7',
130 silly addNameRange     '9.0.8',
130 silly addNameRange     '9.0.9',
130 silly addNameRange     '9.0.10',
130 silly addNameRange     '9.0.11',
130 silly addNameRange     '9.0.12',
130 silly addNameRange     '9.0.13',
130 silly addNameRange     '9.0.14',
130 silly addNameRange     '9.0.15',
130 silly addNameRange     '9.0.16',
130 silly addNameRange     '9.0.17',
130 silly addNameRange     '9.0.18',
130 silly addNameRange     '9.0.19',
130 silly addNameRange     '9.1.0',
130 silly addNameRange     '9.1.1',
130 silly addNameRange     '9.1.2',
130 silly addNameRange     '10.0.0',
130 silly addNameRange     '10.0.1',
130 silly addNameRange     '10.0.2',
130 silly addNameRange     '10.0.3',
130 silly addNameRange     '10.0.4',
130 silly addNameRange     '10.1.0',
130 silly addNameRange     '10.1.1',
130 silly addNameRange     '10.1.2',
130 silly addNameRange     '10.1.4',
130 silly addNameRange     '10.1.5',
130 silly addNameRange     '10.1.6',
130 silly addNameRange     '10.1.7',
130 silly addNameRange     '10.1.8',
130 silly addNameRange     '10.1.9',
130 silly addNameRange     '10.1.10',
130 silly addNameRange     '10.1.11',
130 silly addNameRange     '10.1.12',
130 silly addNameRange     '10.1.13',
130 silly addNameRange     '10.1.14',
130 silly addNameRange     '11.0.0',
130 silly addNameRange     '11.0.1',
130 silly addNameRange     '11.0.2',
130 silly addNameRange     '11.1.0',
130 silly addNameRange     '11.1.1',
130 silly addNameRange     '11.2.0',
130 silly addNameRange     '11.2.1',
130 silly addNameRange     '11.2.2',
130 silly addNameRange     '11.2.3',
130 silly addNameRange     '12.0.0',
130 silly addNameRange     '12.0.1',
130 silly addNameRange     '12.0.2',
130 silly addNameRange     '12.0.3',
130 silly addNameRange     '12.0.4',
130 silly addNameRange     '12.1.0',
130 silly addNameRange     '12.2.0',
130 silly addNameRange     '12.2.1',
130 silly addNameRange     '12.2.2',
130 silly addNameRange     '12.2.3',
130 silly addNameRange     '12.2.4',
130 silly addNameRange     '12.2.5',
130 silly addNameRange     '12.2.6',
130 silly addNameRange     '12.2.7',
130 silly addNameRange     '12.2.8',
130 silly addNameRange     '12.2.9',
130 silly addNameRange     '12.2.10',
130 silly addNameRange     '12.2.11',
130 silly addNameRange     '12.2.12' ] ]
131 silly addNamed ng-file-upload@12.2.12
132 verbose addNamed "12.2.12" is a plain semver version for ng-file-upload
133 http 304 https://registry.npmjs.org/ng-flow
134 verbose headers { date: 'Tue, 04 Oct 2016 14:27:47 GMT',
134 verbose headers   via: '1.1 varnish',
134 verbose headers   'cache-control': 'max-age=300',
134 verbose headers   etag: '"AZL5B2SOAT35FRNMW2OLO1PWD"',
134 verbose headers   age: '0',
134 verbose headers   connection: 'keep-alive',
134 verbose headers   'x-served-by': 'cache-dfw1840-DFW',
134 verbose headers   'x-cache': 'MISS',
134 verbose headers   'x-cache-hits': '0',
134 verbose headers   'x-timer': 'S1475591267.973151,VS0,VE347',
134 verbose headers   vary: 'Accept-Encoding' }
135 silly get cb [ 304,
135 silly get   { date: 'Tue, 04 Oct 2016 14:27:47 GMT',
135 silly get     via: '1.1 varnish',
135 silly get     'cache-control': 'max-age=300',
135 silly get     etag: '"AZL5B2SOAT35FRNMW2OLO1PWD"',
135 silly get     age: '0',
135 silly get     connection: 'keep-alive',
135 silly get     'x-served-by': 'cache-dfw1840-DFW',
135 silly get     'x-cache': 'MISS',
135 silly get     'x-cache-hits': '0',
135 silly get     'x-timer': 'S1475591267.973151,VS0,VE347',
135 silly get     vary: 'Accept-Encoding' } ]
136 verbose etag https://registry.npmjs.org/ng-flow from cache
137 verbose get saving ng-flow to /home/joi/.npm/registry.npmjs.org/ng-flow/.cache.json
138 verbose correctMkdir /home/joi/.npm correctMkdir not in flight; initializing
139 silly cache afterAdd ng-file-upload@12.2.12
140 verbose afterAdd /home/joi/.npm/ng-file-upload/12.2.12/package/package.json not in flight; writing
141 verbose correctMkdir /home/joi/.npm correctMkdir not in flight; initializing
142 verbose afterAdd /home/joi/.npm/ng-file-upload/12.2.12/package/package.json written
143 silly addNameRange number 2 { name: 'ng-flow', range: '>=2.1.4 <3.0.0', hasData: true }
144 silly addNameRange versions [ 'ng-flow', [ '2.1.4' ] ]
145 silly addNamed ng-flow@2.1.4
146 verbose addNamed "2.1.4" is a plain semver version for ng-flow
147 silly cache afterAdd ng-flow@2.1.4
148 verbose afterAdd /home/joi/.npm/ng-flow/2.1.4/package/package.json not in flight; writing
149 verbose correctMkdir /home/joi/.npm correctMkdir not in flight; initializing
150 verbose afterAdd /home/joi/.npm/ng-flow/2.1.4/package/package.json written
151 verbose git clone --template=/home/joi/.npm/_git-remotes/_templates --mirror git://github.com/node_modules/angular-toastr.git /home/joi/.npm/_git-remotes/git-github-com-node-modules-angular-toastr-git-e8693cdc: Cloning into bare repository '/home/joi/.npm/_git-remotes/git-github-com-node-modules-angular-toastr-git-e8693cdc'...
151 verbose git clone --template=/home/joi/.npm/_git-remotes/_templates --mirror git://github.com/node_modules/angular-toastr.git /home/joi/.npm/_git-remotes/git-github-com-node-modules-angular-toastr-git-e8693cdc: remote: Invalid username or password.
151 verbose git clone --template=/home/joi/.npm/_git-remotes/_templates --mirror git://github.com/node_modules/angular-toastr.git /home/joi/.npm/_git-remotes/git-github-com-node-modules-angular-toastr-git-e8693cdc: fatal: Authentication failed for 'https://github.com/node_modules/angular-toastr.git/'
152 silly tryHTTPS attempting to clone git+https://github.com/node_modules/angular-toastr.git
153 silly tryClone cloning node_modules/angular-toastr via git+https://github.com/node_modules/angular-toastr.git
154 verbose tryClone https-github-com-node-modules-angular-toastr-git-65362a69 not in flight; caching
155 verbose correctMkdir /home/joi/.npm/_git-remotes correctMkdir not in flight; initializing
156 info git [ 'clone',
156 info git   '--template=/home/joi/.npm/_git-remotes/_templates',
156 info git   '--mirror',
156 info git   'https://github.com/node_modules/angular-toastr.git',
156 info git   '/home/joi/.npm/_git-remotes/https-github-com-node-modules-angular-toastr-git-65362a69' ]
157 http 304 https://registry.npmjs.org/multer
158 verbose headers { date: 'Tue, 04 Oct 2016 14:27:47 GMT',
158 verbose headers   via: '1.1 varnish',
158 verbose headers   'cache-control': 'max-age=300',
158 verbose headers   etag: '"4AQH88GWFDOJTTDKONJU22OX4"',
158 verbose headers   age: '0',
158 verbose headers   connection: 'keep-alive',
158 verbose headers   'x-served-by': 'cache-dfw1836-DFW',
158 verbose headers   'x-cache': 'HIT',
158 verbose headers   'x-cache-hits': '1',
158 verbose headers   'x-timer': 'S1475591267.963635,VS0,VE1733',
158 verbose headers   vary: 'Accept-Encoding' }
159 silly get cb [ 304,
159 silly get   { date: 'Tue, 04 Oct 2016 14:27:47 GMT',
159 silly get     via: '1.1 varnish',
159 silly get     'cache-control': 'max-age=300',
159 silly get     etag: '"4AQH88GWFDOJTTDKONJU22OX4"',
159 silly get     age: '0',
159 silly get     connection: 'keep-alive',
159 silly get     'x-served-by': 'cache-dfw1836-DFW',
159 silly get     'x-cache': 'HIT',
159 silly get     'x-cache-hits': '1',
159 silly get     'x-timer': 'S1475591267.963635,VS0,VE1733',
159 silly get     vary: 'Accept-Encoding' } ]
160 verbose etag https://registry.npmjs.org/multer from cache
161 verbose get saving multer to /home/joi/.npm/registry.npmjs.org/multer/.cache.json
162 verbose correctMkdir /home/joi/.npm correctMkdir not in flight; initializing
163 silly addNameRange number 2 { name: 'multer', range: '>=1.2.0 <2.0.0', hasData: true }
164 silly addNameRange versions [ 'multer',
164 silly addNameRange   [ '0.0.1',
164 silly addNameRange     '0.0.2',
164 silly addNameRange     '0.0.3',
164 silly addNameRange     '0.0.4',
164 silly addNameRange     '0.0.5',
164 silly addNameRange     '0.0.6',
164 silly addNameRange     '0.0.7',
164 silly addNameRange     '0.1.0',
164 silly addNameRange     '0.1.1',
164 silly addNameRange     '0.1.2',
164 silly addNameRange     '0.1.3',
164 silly addNameRange     '0.1.4',
164 silly addNameRange     '0.1.6',
164 silly addNameRange     '0.1.7',
164 silly addNameRange     '0.1.8',
164 silly addNameRange     '1.0.0',
164 silly addNameRange     '1.0.1',
164 silly addNameRange     '1.0.2',
164 silly addNameRange     '1.0.3',
164 silly addNameRange     '1.0.4',
164 silly addNameRange     '1.0.5',
164 silly addNameRange     '1.0.6',
164 silly addNameRange     '1.1.0',
164 silly addNameRange     '1.2.0',
164 silly addNameRange     '2.0.0-alpha.1',
164 silly addNameRange     '2.0.0-alpha.2' ] ]
165 silly addNamed multer@1.2.0
166 verbose addNamed "1.2.0" is a plain semver version for multer
167 silly cache afterAdd multer@1.2.0
168 verbose afterAdd /home/joi/.npm/multer/1.2.0/package/package.json not in flight; writing
169 verbose correctMkdir /home/joi/.npm correctMkdir not in flight; initializing
170 verbose afterAdd /home/joi/.npm/multer/1.2.0/package/package.json written
171 verbose git clone --template=/home/joi/.npm/_git-remotes/_templates --mirror https://github.com/node_modules/angular-toastr.git /home/joi/.npm/_git-remotes/https-github-com-node-modules-angular-toastr-git-65362a69: Cloning into bare repository '/home/joi/.npm/_git-remotes/https-github-com-node-modules-angular-toastr-git-65362a69'...
171 verbose git clone --template=/home/joi/.npm/_git-remotes/_templates --mirror https://github.com/node_modules/angular-toastr.git /home/joi/.npm/_git-remotes/https-github-com-node-modules-angular-toastr-git-65362a69: remote: Invalid username or password.
171 verbose git clone --template=/home/joi/.npm/_git-remotes/_templates --mirror https://github.com/node_modules/angular-toastr.git /home/joi/.npm/_git-remotes/https-github-com-node-modules-angular-toastr-git-65362a69: fatal: Authentication failed for 'https://github.com/node_modules/angular-toastr.git/'
172 silly trySSH attempting to clone git@github.com:node_modules/angular-toastr.git
173 silly tryClone cloning node_modules/angular-toastr via git@github.com:node_modules/angular-toastr.git
174 verbose tryClone git-github-com-node-modules-angular-toastr-git-332effe4 not in flight; caching
175 verbose correctMkdir /home/joi/.npm/_git-remotes correctMkdir not in flight; initializing
176 info git [ 'clone',
176 info git   '--template=/home/joi/.npm/_git-remotes/_templates',
176 info git   '--mirror',
176 info git   'git@github.com:node_modules/angular-toastr.git',
176 info git   '/home/joi/.npm/_git-remotes/git-github-com-node-modules-angular-toastr-git-332effe4' ]
177 error git clone --template=/home/joi/.npm/_git-remotes/_templates --mirror git@github.com:node_modules/angular-toastr.git /home/joi/.npm/_git-remotes/git-github-com-node-modules-angular-toastr-git-332effe4: Cloning into bare repository '/home/joi/.npm/_git-remotes/git-github-com-node-modules-angular-toastr-git-332effe4'...
177 error git clone --template=/home/joi/.npm/_git-remotes/_templates --mirror git@github.com:node_modules/angular-toastr.git /home/joi/.npm/_git-remotes/git-github-com-node-modules-angular-toastr-git-332effe4: remote: Invalid username or password.
177 error git clone --template=/home/joi/.npm/_git-remotes/_templates --mirror git@github.com:node_modules/angular-toastr.git /home/joi/.npm/_git-remotes/git-github-com-node-modules-angular-toastr-git-332effe4: fatal: Authentication failed for 'https://github.com/node_modules/angular-toastr.git/'
178 verbose stack Error: Command failed: git clone --template=/home/joi/.npm/_git-remotes/_templates --mirror git@github.com:node_modules/angular-toastr.git /home/joi/.npm/_git-remotes/git-github-com-node-modules-angular-toastr-git-332effe4
178 verbose stack Cloning into bare repository '/home/joi/.npm/_git-remotes/git-github-com-node-modules-angular-toastr-git-332effe4'...
178 verbose stack remote: Invalid username or password.
178 verbose stack fatal: Authentication failed for 'https://github.com/node_modules/angular-toastr.git/'
178 verbose stack
178 verbose stack     at ChildProcess.exithandler (child_process.js:213:12)
178 verbose stack     at emitTwo (events.js:87:13)
178 verbose stack     at ChildProcess.emit (events.js:172:7)
178 verbose stack     at maybeClose (internal/child_process.js:829:16)
178 verbose stack     at Process.ChildProcess._handle.onexit (internal/child_process.js:211:5)
179 verbose cwd /home/joi/Public/gits/geckotracker/public
180 error Linux 4.4.0-38-generic
181 error argv "/usr/bin/nodejs" "/usr/bin/npm" "install"
182 error node v4.6.0
183 error npm  v2.15.9
184 error code 128
185 error Command failed: git clone --template=/home/joi/.npm/_git-remotes/_templates --mirror git@github.com:node_modules/angular-toastr.git /home/joi/.npm/_git-remotes/git-github-com-node-modules-angular-toastr-git-332effe4
185 error Cloning into bare repository '/home/joi/.npm/_git-remotes/git-github-com-node-modules-angular-toastr-git-332effe4'...
185 error remote: Invalid username or password.
185 error fatal: Authentication failed for 'https://github.com/node_modules/angular-toastr.git/'
186 error If you need help, you may report this error at:
186 error     <https://github.com/npm/npm/issues>
187 verbose exit [ 1, true ]
